#
# There is insufficient memory for the Java Runtime Environment to continue.
# Native memory allocation (mmap) failed to map 268435456 bytes for G1 virtual space
# Possible reasons:
#   The system is out of physical RAM or swap space
#   The process is running with CompressedOops enabled, and the Java Heap may be blocking the growth of the native heap
# Possible solutions:
#   Reduce memory load on the system
#   Increase physical memory or swap space
#   Check if swap backing store is full
#   Decrease Java heap size (-Xmx/-Xms)
#   Decrease number of Java threads
#   Decrease Java thread stack sizes (-Xss)
#   Set larger code cache with -XX:ReservedCodeCacheSize=
#   JVM is running with Zero Based Compressed Oops mode in which the Java heap is
#     placed in the first 32GB address space. The Java Heap base address is the
#     maximum limit for the native heap growth. Please use -XX:HeapBaseMinAddress
#     to set the Java Heap base and to place the Java Heap above 32GB virtual address.
# This output file may be truncated or incomplete.
#
#  Out of Memory Error (./src/hotspot/os/windows/os_windows.cpp:3321), pid=5024, tid=20864
#
# JRE version:  (15.0.1+9) (build )
# Java VM: OpenJDK 64-Bit Server VM (15.0.1+9, mixed mode, sharing, tiered, compressed oops, g1 gc, windows-amd64)
# No core dump will be written. Minidumps are not enabled by default on client versions of Windows
#

---------------  S U M M A R Y ------------

Command Line: 

Host: Intel(R) Core(TM) i7-6700HQ CPU @ 2.60GHz, 8 cores, 15G,  Windows 10 , 64 bit Build 19041 (10.0.19041.662)
Time: Tue Dec 22 20:40:03 2020 Romance Standard Time elapsed time: 0.014839 seconds (0d 0h 0m 0s)

---------------  T H R E A D  ---------------

Current thread (0x000002041adf9e90):  JavaThread "Unknown thread" [_thread_in_vm, id=20864, stack(0x000000ff3d900000,0x000000ff3da00000)]

Stack: [0x000000ff3d900000,0x000000ff3da00000]
Native frames: (J=compiled Java code, j=interpreted, Vv=VM code, C=native code)
V  [jvm.dll+0x5f76aa]
V  [jvm.dll+0x795e69]
V  [jvm.dll+0x7975c3]
V  [jvm.dll+0x797c13]
V  [jvm.dll+0x1fc3f8]
V  [jvm.dll+0x5f49fa]
V  [jvm.dll+0x5e97e5]
V  [jvm.dll+0x2b5b7d]
V  [jvm.dll+0x2b59e2]
V  [jvm.dll+0x2bb84c]
V  [jvm.dll+0x307658]
V  [jvm.dll+0x306d14]
V  [jvm.dll+0x28ccaa]
V  [jvm.dll+0x28de10]
V  [jvm.dll+0x773b41]
V  [jvm.dll+0x315574]
V  [jvm.dll+0x754ecc]
V  [jvm.dll+0x392fff]
V  [jvm.dll+0x394ca1]
C  [jli.dll+0x5243]
C  [ucrtbase.dll+0x214c2]
C  [KERNEL32.DLL+0x17034]
C  [ntdll.dll+0x4d0d1]


---------------  P R O C E S S  ---------------

Threads class SMR info:
_java_thread_list=0x00007ffeeeb3fa50, length=0, elements={
}

Java Threads: ( => current thread )

Other Threads:
  0x000002041ae4db30 GCTaskThread "GC Thread#0" [stack: 0x000000ff3da00000,0x000000ff3db00000] [id=18008]
  0x000002041ae5ec90 ConcurrentGCThread "G1 Main Marker" [stack: 0x000000ff3db00000,0x000000ff3dc00000] [id=6148]
  0x000002041ae60140 ConcurrentGCThread "G1 Conc#0" [stack: 0x000000ff3dc00000,0x000000ff3dd00000] [id=2268]

[error occurred during error reporting (printing all threads), id 0xc0000005, EXCEPTION_ACCESS_VIOLATION (0xc0000005) at pc=0x00007ffeee2edd97]

VM state: not at safepoint (not fully initialized)

VM Mutex/Monitor currently owned by a thread:  ([mutex/lock_event])
[0x000002041adf6650] Heap_lock - owner thread: 0x000002041adf9e90

Heap address: 0x0000000701600000, size: 4074 MB, Compressed Oops mode: Zero based, Oop shift amount: 3
CDS archive(s) mapped at: [0x0000000000000000-0x0000000000000000-0x0000000000000000), size 0, SharedBaseAddress: 0x0000000800000000, ArchiveRelocationMode: 0.
Narrow klass base: 0x0000000000000000, Narrow klass shift: 0, Narrow klass range: 0x0

Heap:
 garbage-first heap   total 262144K, used 0K [0x0000000701600000, 0x0000000800000000)
  region size 2048K, 0 young (0K), 0 survivors (0K)
 Metaspace       used 0K, capacity 0K, committed 0K, reserved 0K
  class space    used 0K, capacity 0K, committed 0K, reserved 0K

Heap Regions: E=young(eden), S=young(survivor), O=old, HS=humongous(starts), HC=humongous(continues), CS=collection set, F=free, OA=open archive, CA=closed archive, TAMS=top-at-mark-start (previous, next)

Card table byte_map: [0x0000020432e40000,0x0000020433640000] _byte_map_base: 0x000002042f635000

Marking Bits (Prev, Next): (CMBitMap*) 0x000002041ae4e3a0, (CMBitMap*) 0x000002041ae4e3e0
 Prev Bits: [0x0000020433e40000, 0x0000020437de8000)
 Next Bits: [0x0000020437df0000, 0x000002043bd98000)

GC Heap History (0 events):
No events

Deoptimization events (0 events):
No events

Classes unloaded (0 events):
No events

Classes redefined (0 events):
No events

Internal exceptions (0 events):
No events

Events (1 events):
Event: 0.008 Loaded shared library C:\Program Files\AdoptOpenJDK\jdk-15.0.1.9-hotspot\bin\java.dll


Dynamic libraries:
0x00007ff710810000 - 0x00007ff71081d000 	C:\Program Files\AdoptOpenJDK\jdk-15.0.1.9-hotspot\bin\java.exe
0x00007fff69e50000 - 0x00007fff6a046000 	C:\WINDOWS\SYSTEM32\ntdll.dll
0x00007fff68bf0000 - 0x00007fff68cad000 	C:\WINDOWS\System32\KERNEL32.DLL
0x00007fff67b00000 - 0x00007fff67dc9000 	C:\WINDOWS\System32\KERNELBASE.dll
0x00007fff67a00000 - 0x00007fff67b00000 	C:\WINDOWS\System32\ucrtbase.dll
0x00007fff4fbf0000 - 0x00007fff4fc08000 	C:\Program Files\AdoptOpenJDK\jdk-15.0.1.9-hotspot\bin\jli.dll
0x00007fff4fc10000 - 0x00007fff4fc25000 	C:\Program Files\AdoptOpenJDK\jdk-15.0.1.9-hotspot\bin\VCRUNTIME140.dll
0x00007fff69360000 - 0x00007fff69500000 	C:\WINDOWS\System32\USER32.dll
0x00007fff677e0000 - 0x00007fff67802000 	C:\WINDOWS\System32\win32u.dll
0x00007fff69b60000 - 0x00007fff69b8a000 	C:\WINDOWS\System32\GDI32.dll
0x00007fff67810000 - 0x00007fff67919000 	C:\WINDOWS\System32\gdi32full.dll
0x00007fff67740000 - 0x00007fff677dd000 	C:\WINDOWS\System32\msvcp_win.dll
0x00007fff56300000 - 0x00007fff5659b000 	C:\WINDOWS\WinSxS\amd64_microsoft.windows.common-controls_6595b64144ccf1df_6.0.19041.488_none_ca04af081b815d21\COMCTL32.dll
0x00007fff68cb0000 - 0x00007fff68d4e000 	C:\WINDOWS\System32\msvcrt.dll
0x00007fff68dc0000 - 0x00007fff68df0000 	C:\WINDOWS\System32\IMM32.DLL
0x00007fff2e320000 - 0x00007fff2e3bb000 	C:\Program Files\AdoptOpenJDK\jdk-15.0.1.9-hotspot\bin\msvcp140.dll
0x00007ffeee050000 - 0x00007ffeeebde000 	C:\Program Files\AdoptOpenJDK\jdk-15.0.1.9-hotspot\bin\server\jvm.dll
0x00007fff682c0000 - 0x00007fff6836c000 	C:\WINDOWS\System32\ADVAPI32.dll
0x00007fff69cb0000 - 0x00007fff69d4c000 	C:\WINDOWS\System32\sechost.dll
0x00007fff69080000 - 0x00007fff691ab000 	C:\WINDOWS\System32\RPCRT4.dll
0x00007fff69500000 - 0x00007fff69508000 	C:\WINDOWS\System32\PSAPI.DLL
0x00007fff48950000 - 0x00007fff48959000 	C:\WINDOWS\SYSTEM32\WSOCK32.dll
0x00007fff68ee0000 - 0x00007fff68f4b000 	C:\WINDOWS\System32\WS2_32.dll
0x00007fff50d20000 - 0x00007fff50d47000 	C:\WINDOWS\SYSTEM32\WINMM.dll
0x00007fff607b0000 - 0x00007fff607ba000 	C:\WINDOWS\SYSTEM32\VERSION.dll
0x00007fff65e50000 - 0x00007fff65e62000 	C:\WINDOWS\SYSTEM32\kernel.appcore.dll
0x00007fff5d740000 - 0x00007fff5d74a000 	C:\Program Files\AdoptOpenJDK\jdk-15.0.1.9-hotspot\bin\jimage.dll
0x00007fff53480000 - 0x00007fff53664000 	C:\WINDOWS\SYSTEM32\DBGHELP.DLL
0x00007fff53450000 - 0x00007fff5347c000 	C:\WINDOWS\SYSTEM32\dbgcore.DLL
0x00007fff67920000 - 0x00007fff679a0000 	C:\WINDOWS\System32\bcryptPrimitives.dll
0x00007fff4fbc0000 - 0x00007fff4fbe5000 	C:\Program Files\AdoptOpenJDK\jdk-15.0.1.9-hotspot\bin\java.dll

dbghelp: loaded successfully - version: 4.0.5 - missing functions: none
symbol engine: initialized successfully - sym options: 0x614 - pdb path: .;C:\Program Files\AdoptOpenJDK\jdk-15.0.1.9-hotspot\bin;C:\WINDOWS\SYSTEM32;C:\WINDOWS\WinSxS\amd64_microsoft.windows.common-controls_6595b64144ccf1df_6.0.19041.488_none_ca04af081b815d21;C:\Program Files\AdoptOpenJDK\jdk-15.0.1.9-hotspot\bin\server

VM Arguments:
java_command: <unknown>
java_class_path (initial): <not set>
Launcher Type: SUN_STANDARD

[Global flags]
     intx CICompilerCount                          = 4                                         {product} {ergonomic}
     uint ConcGCThreads                            = 2                                         {product} {ergonomic}
     uint G1ConcRefinementThreads                  = 8                                         {product} {ergonomic}
   size_t G1HeapRegionSize                         = 2097152                                   {product} {ergonomic}
    uintx GCDrainStackTargetSize                   = 64                                        {product} {ergonomic}
   size_t InitialHeapSize                          = 268435456                                 {product} {ergonomic}
   size_t MarkStackSize                            = 4194304                                   {product} {ergonomic}
   size_t MaxHeapSize                              = 4271898624                                {product} {ergonomic}
   size_t MinHeapDeltaBytes                        = 2097152                                   {product} {ergonomic}
   size_t MinHeapSize                              = 8388608                                   {product} {ergonomic}
    uintx NonNMethodCodeHeapSize                   = 5839372                                {pd product} {ergonomic}
    uintx NonProfiledCodeHeapSize                  = 122909434                              {pd product} {ergonomic}
    uintx ProfiledCodeHeapSize                     = 122909434                              {pd product} {ergonomic}
    uintx ReservedCodeCacheSize                    = 251658240                              {pd product} {ergonomic}
     bool SegmentedCodeCache                       = true                                      {product} {ergonomic}
   size_t SoftMaxHeapSize                          = 4271898624                             {manageable} {ergonomic}
     bool UseCompressedClassPointers               = true                                 {lp64_product} {ergonomic}
     bool UseCompressedOops                        = true                                 {lp64_product} {ergonomic}
     bool UseG1GC                                  = true                                      {product} {ergonomic}
     bool UseLargePagesIndividualAllocation        = false                                  {pd product} {ergonomic}

Logging:
Log output configuration:
 #0: stdout all=warning uptime,level,tags
 #1: stderr all=off uptime,level,tags

Environment Variables:
PATH=C:\Program Files\AdoptOpenJDK\jdk-15.0.1.9-hotspot\bin;C:\Program Files (x86)\Intel\iCLS Client\;C:\Program Files (x86)\Common Files\Intel\Shared Libraries\redist\intel64\compiler;C:\Program Files\Intel\iCLS Client\;C:\Program Files (x86)\Common Files\Oracle\Java\javapath;C:\WINDOWS\system32;C:\WINDOWS;C:\WINDOWS\System32\Wbem;C:\WINDOWS\System32\WindowsPowerShell\v1.0\;C:\WINDOWS\System32\OpenSSH\;C:\Program Files (x86)\Intel\Intel(R) Management Engine Components\DAL;C:\Program Files\Intel\Intel(R) Management Engine Components\DAL;C:\Program Files (x86)\Intel\Intel(R) Management Engine Components\IPT;C:\Program Files\Intel\Intel(R) Management Engine Components\IPT;C:\Program Files\Intel\WiFi\bin\;C:\Program Files\Common Files\Intel\WirelessCommon\;C:\TDM-GCC-64\bin;C:\Program Files\NVIDIA Corporation\NVIDIA NvDLISR;C:\Program Files (x86)\NVIDIA Corporation\PhysX\Common;C:\Users\Gebruiker\AppData\Local\Microsoft\WindowsApps;C:\Users\Geb;C:\Users\Gebruiker\Customcommands\platform-tools;C:\Program Files\Git\cmd;C:\WINDOWS\system32;C:\WINDOWS;C:\WINDOWS\System32\Wbem;C:\WINDOWS\System32\WindowsPowerShell\v1.0\;C:\WINDOWS\System32\OpenSSH\;C:\Users\Gebruiker\AppData\Local\Programs\Python\Python39\Scripts\;C:\Users\Gebruiker\AppData\Local\Programs\Python\Python39\;C:\Users\Gebruiker\AppData\Local\Microsoft\WindowsApps;C:\Program Files\Intel\WiFi\bin\;C:\Program Files\Common Files\Intel\WirelessCommon\;C:\Users\Gebruiker\AppData\Local\atom\bin;C:\Users\Gebruiker\AppData\Local\GitHubDesktop\bin;C:\Users\Gebruiker\AppData\Local\Microsoft\WindowsApps;;C:\Program Files\JetBrains\PyCharm Community Edition 2020.2.3\bin;;C:\Users\Gebruiker\AppData\Local\Programs\Microsoft VS Code\bin
USERNAME=Thor
LANG=en_GB.UTF-8
OS=Windows_NT
PROCESSOR_IDENTIFIER=Intel64 Family 6 Model 94 Stepping 3, GenuineIntel



---------------  S Y S T E M  ---------------

OS:
 Windows 10 , 64 bit Build 19041 (10.0.19041.662)
OS uptime: 0 days 7:37 hours

CPU: total 8 (initial active 8) (4 cores per cpu, 2 threads per core) family 6 model 94 stepping 3 microcode 0xcc, cmov, cx8, fxsr, mmx, sse, sse2, sse3, ssse3, sse4.1, sse4.2, popcnt, vzeroupper, avx, avx2, aes, clmul, erms, rtm, 3dnowpref, lzcnt, ht, tsc, tscinvbit, bmi1, bmi2, adx, fma, clflush, clflushopt

Memory: 4k page, system-wide physical 16294M (228M free)
TotalPageFile size 46672M (AvailPageFile size 110M)
current process WorkingSet (physical memory assigned to process): 10M, peak: 10M
current process commit charge ("private bytes"): 60M, peak: 316M

vm_info: OpenJDK 64-Bit Server VM (15.0.1+9) for windows-amd64 JRE (15.0.1+9), built on Oct 23 2020 04:11:16 by "" with MS VC++ 15.9 (VS2017)

END.
